{
  "RSpec": {
    "coverage": {
      "/Users/matthewcampbell/Sites/code/labs/chess-ladder/app/models/player.rb": [
        1,
        1,
        1,
        null,
        1,
        null,
        1,
        2,
        2,
        2,
        2,
        null,
        null,
        1,
        5,
        null,
        null,
        null,
        null,
        null,
        null,
        1,
        42,
        null,
        null,
        1,
        15,
        null,
        null,
        null,
        null
      ],
      "/Users/matthewcampbell/Sites/code/labs/chess-ladder/app/models/challenge.rb": [
        1,
        null,
        1,
        null,
        1,
        1,
        null,
        1,
        null,
        1,
        2,
        null,
        1,
        null,
        null,
        null,
        1,
        2,
        2,
        2,
        null,
        2,
        2,
        2,
        2,
        null,
        null
      ]
    },
    "timestamp": 1384453318
  }
}
