{
  "RSpec": {
    "coverage": {
      "/Users/scott1/Development/flatiron/chess-ladder/app/models/challenge.rb": [
        1,
        null,
        1,
        null,
        1,
        1,
        null,
        1,
        null,
        1,
        6,
        null,
        6,
        null,
        null,
        null,
        1,
        6,
        6,
        6,
        null,
        6,
        6,
        6,
        6,
        null,
        null
      ],
      "/Users/scott1/Development/flatiron/chess-ladder/app/models/player.rb": [
        1,
        1,
        1,
        null,
        1,
        null,
        1,
        6,
        6,
        6,
        6,
        null,
        null,
        1,
        0,
        null,
        null,
        1,
        1,
        10,
        null,
        null,
        null
      ]
    },
    "timestamp": 1384373353
  }
}
